<component name="libraryTable">
  <library name="junit-jupiter-5.4.2">
    <ANNOTATIONS>
      <root url="jar://$PROJECT_DIR$/lib/junit-jupiter-5.4.2.jar!/" />
    </ANNOTATIONS>
    <CLASSES />
    <JAVADOC />
    <SOURCES />
  </library>
</component>